ARM GAS  C:\Users\TJTHE_~1\AppData\Local\Temp\ccnC2rWf.s 			page 1


   1              		.cpu cortex-m3
   2              		.arch armv7-m
   3              		.fpu softvfp
   4              		.eabi_attribute 20, 1
   5              		.eabi_attribute 21, 1
   6              		.eabi_attribute 23, 3
   7              		.eabi_attribute 24, 1
   8              		.eabi_attribute 25, 1
   9              		.eabi_attribute 26, 1
  10              		.eabi_attribute 30, 1
  11              		.eabi_attribute 34, 1
  12              		.eabi_attribute 18, 4
  13              		.file	"main.c"
  14              		.text
  15              	.Ltext0:
  16              		.cfi_sections	.debug_frame
  17              		.section	.text.MX_GPIO_Init,"ax",%progbits
  18              		.align	1
  19              		.syntax unified
  20              		.thumb
  21              		.thumb_func
  23              	MX_GPIO_Init:
  24              	.LFB67:
  25              		.file 1 "Core/Src/main.c"
   1:Core/Src/main.c **** /* USER CODE BEGIN Header */
   2:Core/Src/main.c **** /**
   3:Core/Src/main.c ****   ******************************************************************************
   4:Core/Src/main.c ****   * @file           : main.c
   5:Core/Src/main.c ****   * @brief          : Main program body
   6:Core/Src/main.c ****   ******************************************************************************
   7:Core/Src/main.c ****   * @attention
   8:Core/Src/main.c ****   *
   9:Core/Src/main.c ****   * Copyright (c) 2024 STMicroelectronics.
  10:Core/Src/main.c ****   * All rights reserved.
  11:Core/Src/main.c ****   *
  12:Core/Src/main.c ****   * This software is licensed under terms that can be found in the LICENSE file
  13:Core/Src/main.c ****   * in the root directory of this software component.
  14:Core/Src/main.c ****   * If no LICENSE file comes with this software, it is provided AS-IS.
  15:Core/Src/main.c ****   *
  16:Core/Src/main.c ****   ******************************************************************************
  17:Core/Src/main.c ****   */
  18:Core/Src/main.c **** /* USER CODE END Header */
  19:Core/Src/main.c **** /* Includes ------------------------------------------------------------------*/
  20:Core/Src/main.c **** #include "main.h"
  21:Core/Src/main.c **** 
  22:Core/Src/main.c **** /* Private includes ----------------------------------------------------------*/
  23:Core/Src/main.c **** /* USER CODE BEGIN Includes */
  24:Core/Src/main.c **** 
  25:Core/Src/main.c **** /* USER CODE END Includes */
  26:Core/Src/main.c **** 
  27:Core/Src/main.c **** /* Private typedef -----------------------------------------------------------*/
  28:Core/Src/main.c **** /* USER CODE BEGIN PTD */
  29:Core/Src/main.c **** 
  30:Core/Src/main.c **** /* USER CODE END PTD */
  31:Core/Src/main.c **** 
  32:Core/Src/main.c **** /* Private define ------------------------------------------------------------*/
  33:Core/Src/main.c **** /* USER CODE BEGIN PD */
ARM GAS  C:\Users\TJTHE_~1\AppData\Local\Temp\ccnC2rWf.s 			page 2


  34:Core/Src/main.c **** 
  35:Core/Src/main.c **** /* USER CODE END PD */
  36:Core/Src/main.c **** 
  37:Core/Src/main.c **** /* Private macro -------------------------------------------------------------*/
  38:Core/Src/main.c **** /* USER CODE BEGIN PM */
  39:Core/Src/main.c **** 
  40:Core/Src/main.c **** /* USER CODE END PM */
  41:Core/Src/main.c **** 
  42:Core/Src/main.c **** /* Private variables ---------------------------------------------------------*/
  43:Core/Src/main.c **** 
  44:Core/Src/main.c **** /* USER CODE BEGIN PV */
  45:Core/Src/main.c **** 
  46:Core/Src/main.c **** /* USER CODE END PV */
  47:Core/Src/main.c **** 
  48:Core/Src/main.c **** /* Private function prototypes -----------------------------------------------*/
  49:Core/Src/main.c **** void SystemClock_Config(void);
  50:Core/Src/main.c **** static void MX_GPIO_Init(void);
  51:Core/Src/main.c **** /* USER CODE BEGIN PFP */
  52:Core/Src/main.c **** 
  53:Core/Src/main.c **** /* USER CODE END PFP */
  54:Core/Src/main.c **** 
  55:Core/Src/main.c **** /* Private user code ---------------------------------------------------------*/
  56:Core/Src/main.c **** /* USER CODE BEGIN 0 */
  57:Core/Src/main.c **** 
  58:Core/Src/main.c **** /* USER CODE END 0 */
  59:Core/Src/main.c **** 
  60:Core/Src/main.c **** /**
  61:Core/Src/main.c ****   * @brief  The application entry point.
  62:Core/Src/main.c ****   * @retval int
  63:Core/Src/main.c ****   */
  64:Core/Src/main.c **** int main(void)
  65:Core/Src/main.c **** {
  66:Core/Src/main.c **** 
  67:Core/Src/main.c ****   /* USER CODE BEGIN 1 */
  68:Core/Src/main.c **** 
  69:Core/Src/main.c ****   /* USER CODE END 1 */
  70:Core/Src/main.c **** 
  71:Core/Src/main.c ****   /* MCU Configuration--------------------------------------------------------*/
  72:Core/Src/main.c **** 
  73:Core/Src/main.c ****   /* Reset of all peripherals, Initializes the Flash interface and the Systick. */
  74:Core/Src/main.c ****   HAL_Init();
  75:Core/Src/main.c **** 
  76:Core/Src/main.c ****   /* USER CODE BEGIN Init */
  77:Core/Src/main.c **** 
  78:Core/Src/main.c ****   /* USER CODE END Init */
  79:Core/Src/main.c **** 
  80:Core/Src/main.c ****   /* Configure the system clock */
  81:Core/Src/main.c ****   SystemClock_Config();
  82:Core/Src/main.c **** 
  83:Core/Src/main.c ****   /* USER CODE BEGIN SysInit */
  84:Core/Src/main.c **** 
  85:Core/Src/main.c ****   /* USER CODE END SysInit */
  86:Core/Src/main.c **** 
  87:Core/Src/main.c ****   /* Initialize all configured peripherals */
  88:Core/Src/main.c ****   MX_GPIO_Init();
  89:Core/Src/main.c ****   /* USER CODE BEGIN 2 */
  90:Core/Src/main.c **** 
ARM GAS  C:\Users\TJTHE_~1\AppData\Local\Temp\ccnC2rWf.s 			page 3


  91:Core/Src/main.c ****   /* USER CODE END 2 */
  92:Core/Src/main.c **** 
  93:Core/Src/main.c ****   /* Infinite loop */
  94:Core/Src/main.c ****   /* USER CODE BEGIN WHILE */
  95:Core/Src/main.c ****   while (1)
  96:Core/Src/main.c ****   {
  97:Core/Src/main.c ****     /* USER CODE END WHILE */
  98:Core/Src/main.c ****     HAL_GPIO_TogglePin(LD3_GPIO_Port, LD3_Pin);
  99:Core/Src/main.c ****     // HAL_Delay(16.66); // blink LED at 120 Hz, period of 8.33 ms.
 100:Core/Src/main.c **** 	  HAL_GPIO_TogglePin(LD4_GPIO_Port, LD4_Pin);
 101:Core/Src/main.c **** 	  HAL_Delay(8.33); // blink LED at 120 Hz, period of 8.33 ms.
 102:Core/Src/main.c ****     /* USER CODE BEGIN 3 */
 103:Core/Src/main.c ****   }
 104:Core/Src/main.c ****   /* USER CODE END 3 */
 105:Core/Src/main.c **** }
 106:Core/Src/main.c **** 
 107:Core/Src/main.c **** /**
 108:Core/Src/main.c ****   * @brief System Clock Configuration
 109:Core/Src/main.c ****   * @retval None
 110:Core/Src/main.c ****   */
 111:Core/Src/main.c **** void SystemClock_Config(void)
 112:Core/Src/main.c **** {
 113:Core/Src/main.c ****   RCC_OscInitTypeDef RCC_OscInitStruct = {0};
 114:Core/Src/main.c ****   RCC_ClkInitTypeDef RCC_ClkInitStruct = {0};
 115:Core/Src/main.c **** 
 116:Core/Src/main.c ****   /** Initializes the RCC Oscillators according to the specified parameters
 117:Core/Src/main.c ****   * in the RCC_OscInitTypeDef structure.
 118:Core/Src/main.c ****   */
 119:Core/Src/main.c ****   RCC_OscInitStruct.OscillatorType = RCC_OSCILLATORTYPE_HSI;
 120:Core/Src/main.c ****   RCC_OscInitStruct.HSIState = RCC_HSI_ON;
 121:Core/Src/main.c ****   RCC_OscInitStruct.HSICalibrationValue = RCC_HSICALIBRATION_DEFAULT;
 122:Core/Src/main.c ****   RCC_OscInitStruct.PLL.PLLState = RCC_PLL_NONE;
 123:Core/Src/main.c ****   if (HAL_RCC_OscConfig(&RCC_OscInitStruct) != HAL_OK)
 124:Core/Src/main.c ****   {
 125:Core/Src/main.c ****     Error_Handler();
 126:Core/Src/main.c ****   }
 127:Core/Src/main.c **** 
 128:Core/Src/main.c ****   /** Initializes the CPU, AHB and APB buses clocks
 129:Core/Src/main.c ****   */
 130:Core/Src/main.c ****   RCC_ClkInitStruct.ClockType = RCC_CLOCKTYPE_HCLK|RCC_CLOCKTYPE_SYSCLK
 131:Core/Src/main.c ****                               |RCC_CLOCKTYPE_PCLK1|RCC_CLOCKTYPE_PCLK2;
 132:Core/Src/main.c ****   RCC_ClkInitStruct.SYSCLKSource = RCC_SYSCLKSOURCE_HSI;
 133:Core/Src/main.c ****   RCC_ClkInitStruct.AHBCLKDivider = RCC_SYSCLK_DIV1;
 134:Core/Src/main.c ****   RCC_ClkInitStruct.APB1CLKDivider = RCC_HCLK_DIV1;
 135:Core/Src/main.c ****   RCC_ClkInitStruct.APB2CLKDivider = RCC_HCLK_DIV1;
 136:Core/Src/main.c **** 
 137:Core/Src/main.c ****   if (HAL_RCC_ClockConfig(&RCC_ClkInitStruct, FLASH_LATENCY_0) != HAL_OK)
 138:Core/Src/main.c ****   {
 139:Core/Src/main.c ****     Error_Handler();
 140:Core/Src/main.c ****   }
 141:Core/Src/main.c **** }
 142:Core/Src/main.c **** 
 143:Core/Src/main.c **** /**
 144:Core/Src/main.c ****   * @brief GPIO Initialization Function
 145:Core/Src/main.c ****   * @param None
 146:Core/Src/main.c ****   * @retval None
 147:Core/Src/main.c ****   */
ARM GAS  C:\Users\TJTHE_~1\AppData\Local\Temp\ccnC2rWf.s 			page 4


 148:Core/Src/main.c **** static void MX_GPIO_Init(void)
 149:Core/Src/main.c **** {
  26              		.loc 1 149 1 view -0
  27              		.cfi_startproc
  28              		@ args = 0, pretend = 0, frame = 32
  29              		@ frame_needed = 0, uses_anonymous_args = 0
  30 0000 30B5     		push	{r4, r5, lr}
  31              	.LCFI0:
  32              		.cfi_def_cfa_offset 12
  33              		.cfi_offset 4, -12
  34              		.cfi_offset 5, -8
  35              		.cfi_offset 14, -4
  36 0002 89B0     		sub	sp, sp, #36
  37              	.LCFI1:
  38              		.cfi_def_cfa_offset 48
 150:Core/Src/main.c ****   GPIO_InitTypeDef GPIO_InitStruct = {0};
  39              		.loc 1 150 3 view .LVU1
  40              		.loc 1 150 20 is_stmt 0 view .LVU2
  41 0004 0024     		movs	r4, #0
  42 0006 0494     		str	r4, [sp, #16]
  43 0008 0594     		str	r4, [sp, #20]
  44 000a 0694     		str	r4, [sp, #24]
  45 000c 0794     		str	r4, [sp, #28]
 151:Core/Src/main.c **** /* USER CODE BEGIN MX_GPIO_Init_1 */
 152:Core/Src/main.c **** /* USER CODE END MX_GPIO_Init_1 */
 153:Core/Src/main.c **** 
 154:Core/Src/main.c ****   /* GPIO Ports Clock Enable */
 155:Core/Src/main.c ****   __HAL_RCC_GPIOC_CLK_ENABLE();
  46              		.loc 1 155 3 is_stmt 1 view .LVU3
  47              	.LBB4:
  48              		.loc 1 155 3 view .LVU4
  49              		.loc 1 155 3 view .LVU5
  50 000e 184B     		ldr	r3, .L3
  51 0010 9A69     		ldr	r2, [r3, #24]
  52 0012 42F01002 		orr	r2, r2, #16
  53 0016 9A61     		str	r2, [r3, #24]
  54              		.loc 1 155 3 view .LVU6
  55 0018 9A69     		ldr	r2, [r3, #24]
  56 001a 02F01002 		and	r2, r2, #16
  57 001e 0192     		str	r2, [sp, #4]
  58              		.loc 1 155 3 view .LVU7
  59 0020 019A     		ldr	r2, [sp, #4]
  60              	.LBE4:
  61              		.loc 1 155 3 view .LVU8
 156:Core/Src/main.c ****   __HAL_RCC_GPIOD_CLK_ENABLE();
  62              		.loc 1 156 3 view .LVU9
  63              	.LBB5:
  64              		.loc 1 156 3 view .LVU10
  65              		.loc 1 156 3 view .LVU11
  66 0022 9A69     		ldr	r2, [r3, #24]
  67 0024 42F02002 		orr	r2, r2, #32
  68 0028 9A61     		str	r2, [r3, #24]
  69              		.loc 1 156 3 view .LVU12
  70 002a 9A69     		ldr	r2, [r3, #24]
  71 002c 02F02002 		and	r2, r2, #32
  72 0030 0292     		str	r2, [sp, #8]
  73              		.loc 1 156 3 view .LVU13
ARM GAS  C:\Users\TJTHE_~1\AppData\Local\Temp\ccnC2rWf.s 			page 5


  74 0032 029A     		ldr	r2, [sp, #8]
  75              	.LBE5:
  76              		.loc 1 156 3 view .LVU14
 157:Core/Src/main.c ****   __HAL_RCC_GPIOA_CLK_ENABLE();
  77              		.loc 1 157 3 view .LVU15
  78              	.LBB6:
  79              		.loc 1 157 3 view .LVU16
  80              		.loc 1 157 3 view .LVU17
  81 0034 9A69     		ldr	r2, [r3, #24]
  82 0036 42F00402 		orr	r2, r2, #4
  83 003a 9A61     		str	r2, [r3, #24]
  84              		.loc 1 157 3 view .LVU18
  85 003c 9B69     		ldr	r3, [r3, #24]
  86 003e 03F00403 		and	r3, r3, #4
  87 0042 0393     		str	r3, [sp, #12]
  88              		.loc 1 157 3 view .LVU19
  89 0044 039B     		ldr	r3, [sp, #12]
  90              	.LBE6:
  91              		.loc 1 157 3 view .LVU20
 158:Core/Src/main.c **** 
 159:Core/Src/main.c ****   /*Configure GPIO pin Output Level */
 160:Core/Src/main.c ****   HAL_GPIO_WritePin(GPIOC, LD4_Pin|LD3_Pin, GPIO_PIN_RESET);
  92              		.loc 1 160 3 view .LVU21
  93 0046 0B4D     		ldr	r5, .L3+4
  94 0048 2246     		mov	r2, r4
  95 004a 4FF44071 		mov	r1, #768
  96 004e 2846     		mov	r0, r5
  97 0050 FFF7FEFF 		bl	HAL_GPIO_WritePin
  98              	.LVL0:
 161:Core/Src/main.c **** 
 162:Core/Src/main.c ****   /*Configure GPIO pins : LD4_Pin LD3_Pin */
 163:Core/Src/main.c ****   GPIO_InitStruct.Pin = LD4_Pin|LD3_Pin;
  99              		.loc 1 163 3 view .LVU22
 100              		.loc 1 163 23 is_stmt 0 view .LVU23
 101 0054 4FF44073 		mov	r3, #768
 102 0058 0493     		str	r3, [sp, #16]
 164:Core/Src/main.c ****   GPIO_InitStruct.Mode = GPIO_MODE_OUTPUT_PP;
 103              		.loc 1 164 3 is_stmt 1 view .LVU24
 104              		.loc 1 164 24 is_stmt 0 view .LVU25
 105 005a 0123     		movs	r3, #1
 106 005c 0593     		str	r3, [sp, #20]
 165:Core/Src/main.c ****   GPIO_InitStruct.Pull = GPIO_NOPULL;
 107              		.loc 1 165 3 is_stmt 1 view .LVU26
 108              		.loc 1 165 24 is_stmt 0 view .LVU27
 109 005e 0694     		str	r4, [sp, #24]
 166:Core/Src/main.c ****   GPIO_InitStruct.Speed = GPIO_SPEED_FREQ_LOW;
 110              		.loc 1 166 3 is_stmt 1 view .LVU28
 111              		.loc 1 166 25 is_stmt 0 view .LVU29
 112 0060 0223     		movs	r3, #2
 113 0062 0793     		str	r3, [sp, #28]
 167:Core/Src/main.c ****   HAL_GPIO_Init(GPIOC, &GPIO_InitStruct);
 114              		.loc 1 167 3 is_stmt 1 view .LVU30
 115 0064 04A9     		add	r1, sp, #16
 116 0066 2846     		mov	r0, r5
 117 0068 FFF7FEFF 		bl	HAL_GPIO_Init
 118              	.LVL1:
 168:Core/Src/main.c **** 
ARM GAS  C:\Users\TJTHE_~1\AppData\Local\Temp\ccnC2rWf.s 			page 6


 169:Core/Src/main.c **** /* USER CODE BEGIN MX_GPIO_Init_2 */
 170:Core/Src/main.c **** /* USER CODE END MX_GPIO_Init_2 */
 171:Core/Src/main.c **** }
 119              		.loc 1 171 1 is_stmt 0 view .LVU31
 120 006c 09B0     		add	sp, sp, #36
 121              	.LCFI2:
 122              		.cfi_def_cfa_offset 12
 123              		@ sp needed
 124 006e 30BD     		pop	{r4, r5, pc}
 125              	.L4:
 126              		.align	2
 127              	.L3:
 128 0070 00100240 		.word	1073876992
 129 0074 00100140 		.word	1073811456
 130              		.cfi_endproc
 131              	.LFE67:
 133              		.section	.text.Error_Handler,"ax",%progbits
 134              		.align	1
 135              		.global	Error_Handler
 136              		.syntax unified
 137              		.thumb
 138              		.thumb_func
 140              	Error_Handler:
 141              	.LFB68:
 172:Core/Src/main.c **** 
 173:Core/Src/main.c **** /* USER CODE BEGIN 4 */
 174:Core/Src/main.c **** 
 175:Core/Src/main.c **** /* USER CODE END 4 */
 176:Core/Src/main.c **** 
 177:Core/Src/main.c **** /**
 178:Core/Src/main.c ****   * @brief  This function is executed in case of error occurrence.
 179:Core/Src/main.c ****   * @retval None
 180:Core/Src/main.c ****   */
 181:Core/Src/main.c **** void Error_Handler(void)
 182:Core/Src/main.c **** {
 142              		.loc 1 182 1 is_stmt 1 view -0
 143              		.cfi_startproc
 144              		@ Volatile: function does not return.
 145              		@ args = 0, pretend = 0, frame = 0
 146              		@ frame_needed = 0, uses_anonymous_args = 0
 147              		@ link register save eliminated.
 183:Core/Src/main.c ****   /* USER CODE BEGIN Error_Handler_Debug */
 184:Core/Src/main.c ****   /* User can add his own implementation to report the HAL error return state */
 185:Core/Src/main.c ****   __disable_irq();
 148              		.loc 1 185 3 view .LVU33
 149              	.LBB7:
 150              	.LBI7:
 151              		.file 2 "Drivers/CMSIS/Include/cmsis_gcc.h"
   1:Drivers/CMSIS/Include/cmsis_gcc.h **** /**************************************************************************//**
   2:Drivers/CMSIS/Include/cmsis_gcc.h ****  * @file     cmsis_gcc.h
   3:Drivers/CMSIS/Include/cmsis_gcc.h ****  * @brief    CMSIS compiler GCC header file
   4:Drivers/CMSIS/Include/cmsis_gcc.h ****  * @version  V5.0.4
   5:Drivers/CMSIS/Include/cmsis_gcc.h ****  * @date     09. April 2018
   6:Drivers/CMSIS/Include/cmsis_gcc.h ****  ******************************************************************************/
   7:Drivers/CMSIS/Include/cmsis_gcc.h **** /*
   8:Drivers/CMSIS/Include/cmsis_gcc.h ****  * Copyright (c) 2009-2018 Arm Limited. All rights reserved.
   9:Drivers/CMSIS/Include/cmsis_gcc.h ****  *
ARM GAS  C:\Users\TJTHE_~1\AppData\Local\Temp\ccnC2rWf.s 			page 7


  10:Drivers/CMSIS/Include/cmsis_gcc.h ****  * SPDX-License-Identifier: Apache-2.0
  11:Drivers/CMSIS/Include/cmsis_gcc.h ****  *
  12:Drivers/CMSIS/Include/cmsis_gcc.h ****  * Licensed under the Apache License, Version 2.0 (the License); you may
  13:Drivers/CMSIS/Include/cmsis_gcc.h ****  * not use this file except in compliance with the License.
  14:Drivers/CMSIS/Include/cmsis_gcc.h ****  * You may obtain a copy of the License at
  15:Drivers/CMSIS/Include/cmsis_gcc.h ****  *
  16:Drivers/CMSIS/Include/cmsis_gcc.h ****  * www.apache.org/licenses/LICENSE-2.0
  17:Drivers/CMSIS/Include/cmsis_gcc.h ****  *
  18:Drivers/CMSIS/Include/cmsis_gcc.h ****  * Unless required by applicable law or agreed to in writing, software
  19:Drivers/CMSIS/Include/cmsis_gcc.h ****  * distributed under the License is distributed on an AS IS BASIS, WITHOUT
  20:Drivers/CMSIS/Include/cmsis_gcc.h ****  * WARRANTIES OR CONDITIONS OF ANY KIND, either express or implied.
  21:Drivers/CMSIS/Include/cmsis_gcc.h ****  * See the License for the specific language governing permissions and
  22:Drivers/CMSIS/Include/cmsis_gcc.h ****  * limitations under the License.
  23:Drivers/CMSIS/Include/cmsis_gcc.h ****  */
  24:Drivers/CMSIS/Include/cmsis_gcc.h **** 
  25:Drivers/CMSIS/Include/cmsis_gcc.h **** #ifndef __CMSIS_GCC_H
  26:Drivers/CMSIS/Include/cmsis_gcc.h **** #define __CMSIS_GCC_H
  27:Drivers/CMSIS/Include/cmsis_gcc.h **** 
  28:Drivers/CMSIS/Include/cmsis_gcc.h **** /* ignore some GCC warnings */
  29:Drivers/CMSIS/Include/cmsis_gcc.h **** #pragma GCC diagnostic push
  30:Drivers/CMSIS/Include/cmsis_gcc.h **** #pragma GCC diagnostic ignored "-Wsign-conversion"
  31:Drivers/CMSIS/Include/cmsis_gcc.h **** #pragma GCC diagnostic ignored "-Wconversion"
  32:Drivers/CMSIS/Include/cmsis_gcc.h **** #pragma GCC diagnostic ignored "-Wunused-parameter"
  33:Drivers/CMSIS/Include/cmsis_gcc.h **** 
  34:Drivers/CMSIS/Include/cmsis_gcc.h **** /* Fallback for __has_builtin */
  35:Drivers/CMSIS/Include/cmsis_gcc.h **** #ifndef __has_builtin
  36:Drivers/CMSIS/Include/cmsis_gcc.h ****   #define __has_builtin(x) (0)
  37:Drivers/CMSIS/Include/cmsis_gcc.h **** #endif
  38:Drivers/CMSIS/Include/cmsis_gcc.h **** 
  39:Drivers/CMSIS/Include/cmsis_gcc.h **** /* CMSIS compiler specific defines */
  40:Drivers/CMSIS/Include/cmsis_gcc.h **** #ifndef   __ASM
  41:Drivers/CMSIS/Include/cmsis_gcc.h ****   #define __ASM                                  __asm
  42:Drivers/CMSIS/Include/cmsis_gcc.h **** #endif
  43:Drivers/CMSIS/Include/cmsis_gcc.h **** #ifndef   __INLINE
  44:Drivers/CMSIS/Include/cmsis_gcc.h ****   #define __INLINE                               inline
  45:Drivers/CMSIS/Include/cmsis_gcc.h **** #endif
  46:Drivers/CMSIS/Include/cmsis_gcc.h **** #ifndef   __STATIC_INLINE
  47:Drivers/CMSIS/Include/cmsis_gcc.h ****   #define __STATIC_INLINE                        static inline
  48:Drivers/CMSIS/Include/cmsis_gcc.h **** #endif
  49:Drivers/CMSIS/Include/cmsis_gcc.h **** #ifndef   __STATIC_FORCEINLINE                 
  50:Drivers/CMSIS/Include/cmsis_gcc.h ****   #define __STATIC_FORCEINLINE                   __attribute__((always_inline)) static inline
  51:Drivers/CMSIS/Include/cmsis_gcc.h **** #endif                                           
  52:Drivers/CMSIS/Include/cmsis_gcc.h **** #ifndef   __NO_RETURN
  53:Drivers/CMSIS/Include/cmsis_gcc.h ****   #define __NO_RETURN                            __attribute__((__noreturn__))
  54:Drivers/CMSIS/Include/cmsis_gcc.h **** #endif
  55:Drivers/CMSIS/Include/cmsis_gcc.h **** #ifndef   __USED
  56:Drivers/CMSIS/Include/cmsis_gcc.h ****   #define __USED                                 __attribute__((used))
  57:Drivers/CMSIS/Include/cmsis_gcc.h **** #endif
  58:Drivers/CMSIS/Include/cmsis_gcc.h **** #ifndef   __WEAK
  59:Drivers/CMSIS/Include/cmsis_gcc.h ****   #define __WEAK                                 __attribute__((weak))
  60:Drivers/CMSIS/Include/cmsis_gcc.h **** #endif
  61:Drivers/CMSIS/Include/cmsis_gcc.h **** #ifndef   __PACKED
  62:Drivers/CMSIS/Include/cmsis_gcc.h ****   #define __PACKED                               __attribute__((packed, aligned(1)))
  63:Drivers/CMSIS/Include/cmsis_gcc.h **** #endif
  64:Drivers/CMSIS/Include/cmsis_gcc.h **** #ifndef   __PACKED_STRUCT
  65:Drivers/CMSIS/Include/cmsis_gcc.h ****   #define __PACKED_STRUCT                        struct __attribute__((packed, aligned(1)))
  66:Drivers/CMSIS/Include/cmsis_gcc.h **** #endif
ARM GAS  C:\Users\TJTHE_~1\AppData\Local\Temp\ccnC2rWf.s 			page 8


  67:Drivers/CMSIS/Include/cmsis_gcc.h **** #ifndef   __PACKED_UNION
  68:Drivers/CMSIS/Include/cmsis_gcc.h ****   #define __PACKED_UNION                         union __attribute__((packed, aligned(1)))
  69:Drivers/CMSIS/Include/cmsis_gcc.h **** #endif
  70:Drivers/CMSIS/Include/cmsis_gcc.h **** #ifndef   __UNALIGNED_UINT32        /* deprecated */
  71:Drivers/CMSIS/Include/cmsis_gcc.h ****   #pragma GCC diagnostic push
  72:Drivers/CMSIS/Include/cmsis_gcc.h ****   #pragma GCC diagnostic ignored "-Wpacked"
  73:Drivers/CMSIS/Include/cmsis_gcc.h ****   #pragma GCC diagnostic ignored "-Wattributes"
  74:Drivers/CMSIS/Include/cmsis_gcc.h ****   struct __attribute__((packed)) T_UINT32 { uint32_t v; };
  75:Drivers/CMSIS/Include/cmsis_gcc.h ****   #pragma GCC diagnostic pop
  76:Drivers/CMSIS/Include/cmsis_gcc.h ****   #define __UNALIGNED_UINT32(x)                  (((struct T_UINT32 *)(x))->v)
  77:Drivers/CMSIS/Include/cmsis_gcc.h **** #endif
  78:Drivers/CMSIS/Include/cmsis_gcc.h **** #ifndef   __UNALIGNED_UINT16_WRITE
  79:Drivers/CMSIS/Include/cmsis_gcc.h ****   #pragma GCC diagnostic push
  80:Drivers/CMSIS/Include/cmsis_gcc.h ****   #pragma GCC diagnostic ignored "-Wpacked"
  81:Drivers/CMSIS/Include/cmsis_gcc.h ****   #pragma GCC diagnostic ignored "-Wattributes"
  82:Drivers/CMSIS/Include/cmsis_gcc.h ****   __PACKED_STRUCT T_UINT16_WRITE { uint16_t v; };
  83:Drivers/CMSIS/Include/cmsis_gcc.h ****   #pragma GCC diagnostic pop
  84:Drivers/CMSIS/Include/cmsis_gcc.h ****   #define __UNALIGNED_UINT16_WRITE(addr, val)    (void)((((struct T_UINT16_WRITE *)(void *)(addr))-
  85:Drivers/CMSIS/Include/cmsis_gcc.h **** #endif
  86:Drivers/CMSIS/Include/cmsis_gcc.h **** #ifndef   __UNALIGNED_UINT16_READ
  87:Drivers/CMSIS/Include/cmsis_gcc.h ****   #pragma GCC diagnostic push
  88:Drivers/CMSIS/Include/cmsis_gcc.h ****   #pragma GCC diagnostic ignored "-Wpacked"
  89:Drivers/CMSIS/Include/cmsis_gcc.h ****   #pragma GCC diagnostic ignored "-Wattributes"
  90:Drivers/CMSIS/Include/cmsis_gcc.h ****   __PACKED_STRUCT T_UINT16_READ { uint16_t v; };
  91:Drivers/CMSIS/Include/cmsis_gcc.h ****   #pragma GCC diagnostic pop
  92:Drivers/CMSIS/Include/cmsis_gcc.h ****   #define __UNALIGNED_UINT16_READ(addr)          (((const struct T_UINT16_READ *)(const void *)(add
  93:Drivers/CMSIS/Include/cmsis_gcc.h **** #endif
  94:Drivers/CMSIS/Include/cmsis_gcc.h **** #ifndef   __UNALIGNED_UINT32_WRITE
  95:Drivers/CMSIS/Include/cmsis_gcc.h ****   #pragma GCC diagnostic push
  96:Drivers/CMSIS/Include/cmsis_gcc.h ****   #pragma GCC diagnostic ignored "-Wpacked"
  97:Drivers/CMSIS/Include/cmsis_gcc.h ****   #pragma GCC diagnostic ignored "-Wattributes"
  98:Drivers/CMSIS/Include/cmsis_gcc.h ****   __PACKED_STRUCT T_UINT32_WRITE { uint32_t v; };
  99:Drivers/CMSIS/Include/cmsis_gcc.h ****   #pragma GCC diagnostic pop
 100:Drivers/CMSIS/Include/cmsis_gcc.h ****   #define __UNALIGNED_UINT32_WRITE(addr, val)    (void)((((struct T_UINT32_WRITE *)(void *)(addr))-
 101:Drivers/CMSIS/Include/cmsis_gcc.h **** #endif
 102:Drivers/CMSIS/Include/cmsis_gcc.h **** #ifndef   __UNALIGNED_UINT32_READ
 103:Drivers/CMSIS/Include/cmsis_gcc.h ****   #pragma GCC diagnostic push
 104:Drivers/CMSIS/Include/cmsis_gcc.h ****   #pragma GCC diagnostic ignored "-Wpacked"
 105:Drivers/CMSIS/Include/cmsis_gcc.h ****   #pragma GCC diagnostic ignored "-Wattributes"
 106:Drivers/CMSIS/Include/cmsis_gcc.h ****   __PACKED_STRUCT T_UINT32_READ { uint32_t v; };
 107:Drivers/CMSIS/Include/cmsis_gcc.h ****   #pragma GCC diagnostic pop
 108:Drivers/CMSIS/Include/cmsis_gcc.h ****   #define __UNALIGNED_UINT32_READ(addr)          (((const struct T_UINT32_READ *)(const void *)(add
 109:Drivers/CMSIS/Include/cmsis_gcc.h **** #endif
 110:Drivers/CMSIS/Include/cmsis_gcc.h **** #ifndef   __ALIGNED
 111:Drivers/CMSIS/Include/cmsis_gcc.h ****   #define __ALIGNED(x)                           __attribute__((aligned(x)))
 112:Drivers/CMSIS/Include/cmsis_gcc.h **** #endif
 113:Drivers/CMSIS/Include/cmsis_gcc.h **** #ifndef   __RESTRICT
 114:Drivers/CMSIS/Include/cmsis_gcc.h ****   #define __RESTRICT                             __restrict
 115:Drivers/CMSIS/Include/cmsis_gcc.h **** #endif
 116:Drivers/CMSIS/Include/cmsis_gcc.h **** 
 117:Drivers/CMSIS/Include/cmsis_gcc.h **** 
 118:Drivers/CMSIS/Include/cmsis_gcc.h **** /* ###########################  Core Function Access  ########################### */
 119:Drivers/CMSIS/Include/cmsis_gcc.h **** /** \ingroup  CMSIS_Core_FunctionInterface
 120:Drivers/CMSIS/Include/cmsis_gcc.h ****     \defgroup CMSIS_Core_RegAccFunctions CMSIS Core Register Access Functions
 121:Drivers/CMSIS/Include/cmsis_gcc.h ****   @{
 122:Drivers/CMSIS/Include/cmsis_gcc.h ****  */
 123:Drivers/CMSIS/Include/cmsis_gcc.h **** 
ARM GAS  C:\Users\TJTHE_~1\AppData\Local\Temp\ccnC2rWf.s 			page 9


 124:Drivers/CMSIS/Include/cmsis_gcc.h **** /**
 125:Drivers/CMSIS/Include/cmsis_gcc.h ****   \brief   Enable IRQ Interrupts
 126:Drivers/CMSIS/Include/cmsis_gcc.h ****   \details Enables IRQ interrupts by clearing the I-bit in the CPSR.
 127:Drivers/CMSIS/Include/cmsis_gcc.h ****            Can only be executed in Privileged modes.
 128:Drivers/CMSIS/Include/cmsis_gcc.h ****  */
 129:Drivers/CMSIS/Include/cmsis_gcc.h **** __STATIC_FORCEINLINE void __enable_irq(void)
 130:Drivers/CMSIS/Include/cmsis_gcc.h **** {
 131:Drivers/CMSIS/Include/cmsis_gcc.h ****   __ASM volatile ("cpsie i" : : : "memory");
 132:Drivers/CMSIS/Include/cmsis_gcc.h **** }
 133:Drivers/CMSIS/Include/cmsis_gcc.h **** 
 134:Drivers/CMSIS/Include/cmsis_gcc.h **** 
 135:Drivers/CMSIS/Include/cmsis_gcc.h **** /**
 136:Drivers/CMSIS/Include/cmsis_gcc.h ****   \brief   Disable IRQ Interrupts
 137:Drivers/CMSIS/Include/cmsis_gcc.h ****   \details Disables IRQ interrupts by setting the I-bit in the CPSR.
 138:Drivers/CMSIS/Include/cmsis_gcc.h ****            Can only be executed in Privileged modes.
 139:Drivers/CMSIS/Include/cmsis_gcc.h ****  */
 140:Drivers/CMSIS/Include/cmsis_gcc.h **** __STATIC_FORCEINLINE void __disable_irq(void)
 152              		.loc 2 140 27 view .LVU34
 153              	.LBB8:
 141:Drivers/CMSIS/Include/cmsis_gcc.h **** {
 142:Drivers/CMSIS/Include/cmsis_gcc.h ****   __ASM volatile ("cpsid i" : : : "memory");
 154              		.loc 2 142 3 view .LVU35
 155              		.syntax unified
 156              	@ 142 "Drivers/CMSIS/Include/cmsis_gcc.h" 1
 157 0000 72B6     		cpsid i
 158              	@ 0 "" 2
 159              		.thumb
 160              		.syntax unified
 161              	.L6:
 162              	.LBE8:
 163              	.LBE7:
 186:Core/Src/main.c ****   while (1)
 164              		.loc 1 186 3 discriminator 1 view .LVU36
 187:Core/Src/main.c ****   {
 188:Core/Src/main.c ****   }
 165              		.loc 1 188 3 discriminator 1 view .LVU37
 186:Core/Src/main.c ****   while (1)
 166              		.loc 1 186 9 discriminator 1 view .LVU38
 167 0002 FEE7     		b	.L6
 168              		.cfi_endproc
 169              	.LFE68:
 171              		.section	.text.SystemClock_Config,"ax",%progbits
 172              		.align	1
 173              		.global	SystemClock_Config
 174              		.syntax unified
 175              		.thumb
 176              		.thumb_func
 178              	SystemClock_Config:
 179              	.LFB66:
 112:Core/Src/main.c ****   RCC_OscInitTypeDef RCC_OscInitStruct = {0};
 180              		.loc 1 112 1 view -0
 181              		.cfi_startproc
 182              		@ args = 0, pretend = 0, frame = 64
 183              		@ frame_needed = 0, uses_anonymous_args = 0
 184 0000 00B5     		push	{lr}
 185              	.LCFI3:
 186              		.cfi_def_cfa_offset 4
ARM GAS  C:\Users\TJTHE_~1\AppData\Local\Temp\ccnC2rWf.s 			page 10


 187              		.cfi_offset 14, -4
 188 0002 91B0     		sub	sp, sp, #68
 189              	.LCFI4:
 190              		.cfi_def_cfa_offset 72
 113:Core/Src/main.c ****   RCC_ClkInitTypeDef RCC_ClkInitStruct = {0};
 191              		.loc 1 113 3 view .LVU40
 113:Core/Src/main.c ****   RCC_ClkInitTypeDef RCC_ClkInitStruct = {0};
 192              		.loc 1 113 22 is_stmt 0 view .LVU41
 193 0004 2822     		movs	r2, #40
 194 0006 0021     		movs	r1, #0
 195 0008 06A8     		add	r0, sp, #24
 196 000a FFF7FEFF 		bl	memset
 197              	.LVL2:
 114:Core/Src/main.c **** 
 198              		.loc 1 114 3 is_stmt 1 view .LVU42
 114:Core/Src/main.c **** 
 199              		.loc 1 114 22 is_stmt 0 view .LVU43
 200 000e 0023     		movs	r3, #0
 201 0010 0193     		str	r3, [sp, #4]
 202 0012 0293     		str	r3, [sp, #8]
 203 0014 0393     		str	r3, [sp, #12]
 204 0016 0493     		str	r3, [sp, #16]
 205 0018 0593     		str	r3, [sp, #20]
 119:Core/Src/main.c ****   RCC_OscInitStruct.HSIState = RCC_HSI_ON;
 206              		.loc 1 119 3 is_stmt 1 view .LVU44
 119:Core/Src/main.c ****   RCC_OscInitStruct.HSIState = RCC_HSI_ON;
 207              		.loc 1 119 36 is_stmt 0 view .LVU45
 208 001a 0223     		movs	r3, #2
 209 001c 0693     		str	r3, [sp, #24]
 120:Core/Src/main.c ****   RCC_OscInitStruct.HSICalibrationValue = RCC_HSICALIBRATION_DEFAULT;
 210              		.loc 1 120 3 is_stmt 1 view .LVU46
 120:Core/Src/main.c ****   RCC_OscInitStruct.HSICalibrationValue = RCC_HSICALIBRATION_DEFAULT;
 211              		.loc 1 120 30 is_stmt 0 view .LVU47
 212 001e 0123     		movs	r3, #1
 213 0020 0A93     		str	r3, [sp, #40]
 121:Core/Src/main.c ****   RCC_OscInitStruct.PLL.PLLState = RCC_PLL_NONE;
 214              		.loc 1 121 3 is_stmt 1 view .LVU48
 121:Core/Src/main.c ****   RCC_OscInitStruct.PLL.PLLState = RCC_PLL_NONE;
 215              		.loc 1 121 41 is_stmt 0 view .LVU49
 216 0022 1023     		movs	r3, #16
 217 0024 0B93     		str	r3, [sp, #44]
 122:Core/Src/main.c ****   if (HAL_RCC_OscConfig(&RCC_OscInitStruct) != HAL_OK)
 218              		.loc 1 122 3 is_stmt 1 view .LVU50
 123:Core/Src/main.c ****   {
 219              		.loc 1 123 3 view .LVU51
 123:Core/Src/main.c ****   {
 220              		.loc 1 123 7 is_stmt 0 view .LVU52
 221 0026 06A8     		add	r0, sp, #24
 222 0028 FFF7FEFF 		bl	HAL_RCC_OscConfig
 223              	.LVL3:
 123:Core/Src/main.c ****   {
 224              		.loc 1 123 6 view .LVU53
 225 002c 68B9     		cbnz	r0, .L11
 130:Core/Src/main.c ****                               |RCC_CLOCKTYPE_PCLK1|RCC_CLOCKTYPE_PCLK2;
 226              		.loc 1 130 3 is_stmt 1 view .LVU54
 130:Core/Src/main.c ****                               |RCC_CLOCKTYPE_PCLK1|RCC_CLOCKTYPE_PCLK2;
 227              		.loc 1 130 31 is_stmt 0 view .LVU55
ARM GAS  C:\Users\TJTHE_~1\AppData\Local\Temp\ccnC2rWf.s 			page 11


 228 002e 0F23     		movs	r3, #15
 229 0030 0193     		str	r3, [sp, #4]
 132:Core/Src/main.c ****   RCC_ClkInitStruct.AHBCLKDivider = RCC_SYSCLK_DIV1;
 230              		.loc 1 132 3 is_stmt 1 view .LVU56
 132:Core/Src/main.c ****   RCC_ClkInitStruct.AHBCLKDivider = RCC_SYSCLK_DIV1;
 231              		.loc 1 132 34 is_stmt 0 view .LVU57
 232 0032 0021     		movs	r1, #0
 233 0034 0291     		str	r1, [sp, #8]
 133:Core/Src/main.c ****   RCC_ClkInitStruct.APB1CLKDivider = RCC_HCLK_DIV1;
 234              		.loc 1 133 3 is_stmt 1 view .LVU58
 133:Core/Src/main.c ****   RCC_ClkInitStruct.APB1CLKDivider = RCC_HCLK_DIV1;
 235              		.loc 1 133 35 is_stmt 0 view .LVU59
 236 0036 0391     		str	r1, [sp, #12]
 134:Core/Src/main.c ****   RCC_ClkInitStruct.APB2CLKDivider = RCC_HCLK_DIV1;
 237              		.loc 1 134 3 is_stmt 1 view .LVU60
 134:Core/Src/main.c ****   RCC_ClkInitStruct.APB2CLKDivider = RCC_HCLK_DIV1;
 238              		.loc 1 134 36 is_stmt 0 view .LVU61
 239 0038 0491     		str	r1, [sp, #16]
 135:Core/Src/main.c **** 
 240              		.loc 1 135 3 is_stmt 1 view .LVU62
 135:Core/Src/main.c **** 
 241              		.loc 1 135 36 is_stmt 0 view .LVU63
 242 003a 0591     		str	r1, [sp, #20]
 137:Core/Src/main.c ****   {
 243              		.loc 1 137 3 is_stmt 1 view .LVU64
 137:Core/Src/main.c ****   {
 244              		.loc 1 137 7 is_stmt 0 view .LVU65
 245 003c 01A8     		add	r0, sp, #4
 246 003e FFF7FEFF 		bl	HAL_RCC_ClockConfig
 247              	.LVL4:
 137:Core/Src/main.c ****   {
 248              		.loc 1 137 6 view .LVU66
 249 0042 20B9     		cbnz	r0, .L12
 141:Core/Src/main.c **** 
 250              		.loc 1 141 1 view .LVU67
 251 0044 11B0     		add	sp, sp, #68
 252              	.LCFI5:
 253              		.cfi_remember_state
 254              		.cfi_def_cfa_offset 4
 255              		@ sp needed
 256 0046 5DF804FB 		ldr	pc, [sp], #4
 257              	.L11:
 258              	.LCFI6:
 259              		.cfi_restore_state
 125:Core/Src/main.c ****   }
 260              		.loc 1 125 5 is_stmt 1 view .LVU68
 261 004a FFF7FEFF 		bl	Error_Handler
 262              	.LVL5:
 263              	.L12:
 139:Core/Src/main.c ****   }
 264              		.loc 1 139 5 view .LVU69
 265 004e FFF7FEFF 		bl	Error_Handler
 266              	.LVL6:
 267              		.cfi_endproc
 268              	.LFE66:
 270              		.section	.text.main,"ax",%progbits
 271              		.align	1
ARM GAS  C:\Users\TJTHE_~1\AppData\Local\Temp\ccnC2rWf.s 			page 12


 272              		.global	main
 273              		.syntax unified
 274              		.thumb
 275              		.thumb_func
 277              	main:
 278              	.LFB65:
  65:Core/Src/main.c **** 
 279              		.loc 1 65 1 view -0
 280              		.cfi_startproc
 281              		@ Volatile: function does not return.
 282              		@ args = 0, pretend = 0, frame = 0
 283              		@ frame_needed = 0, uses_anonymous_args = 0
 284 0000 08B5     		push	{r3, lr}
 285              	.LCFI7:
 286              		.cfi_def_cfa_offset 8
 287              		.cfi_offset 3, -8
 288              		.cfi_offset 14, -4
  74:Core/Src/main.c **** 
 289              		.loc 1 74 3 view .LVU71
 290 0002 FFF7FEFF 		bl	HAL_Init
 291              	.LVL7:
  81:Core/Src/main.c **** 
 292              		.loc 1 81 3 view .LVU72
 293 0006 FFF7FEFF 		bl	SystemClock_Config
 294              	.LVL8:
  88:Core/Src/main.c ****   /* USER CODE BEGIN 2 */
 295              		.loc 1 88 3 view .LVU73
 296 000a FFF7FEFF 		bl	MX_GPIO_Init
 297              	.LVL9:
 298              	.L14:
  95:Core/Src/main.c ****   {
 299              		.loc 1 95 3 discriminator 1 view .LVU74
  98:Core/Src/main.c ****     // HAL_Delay(16.66); // blink LED at 120 Hz, period of 8.33 ms.
 300              		.loc 1 98 5 discriminator 1 view .LVU75
 301 000e 074C     		ldr	r4, .L16
 302 0010 4FF40071 		mov	r1, #512
 303 0014 2046     		mov	r0, r4
 304 0016 FFF7FEFF 		bl	HAL_GPIO_TogglePin
 305              	.LVL10:
 100:Core/Src/main.c **** 	  HAL_Delay(8.33); // blink LED at 120 Hz, period of 8.33 ms.
 306              		.loc 1 100 4 discriminator 1 view .LVU76
 307 001a 4FF48071 		mov	r1, #256
 308 001e 2046     		mov	r0, r4
 309 0020 FFF7FEFF 		bl	HAL_GPIO_TogglePin
 310              	.LVL11:
 101:Core/Src/main.c ****     /* USER CODE BEGIN 3 */
 311              		.loc 1 101 4 discriminator 1 view .LVU77
 312 0024 0820     		movs	r0, #8
 313 0026 FFF7FEFF 		bl	HAL_Delay
 314              	.LVL12:
  95:Core/Src/main.c ****   {
 315              		.loc 1 95 9 discriminator 1 view .LVU78
 316 002a F0E7     		b	.L14
 317              	.L17:
 318              		.align	2
 319              	.L16:
 320 002c 00100140 		.word	1073811456
ARM GAS  C:\Users\TJTHE_~1\AppData\Local\Temp\ccnC2rWf.s 			page 13


 321              		.cfi_endproc
 322              	.LFE65:
 324              		.text
 325              	.Letext0:
 326              		.file 3 "c:\\program files (x86)\\gnu arm embedded toolchain\\10 2021.10\\arm-none-eabi\\include\\
 327              		.file 4 "c:\\program files (x86)\\gnu arm embedded toolchain\\10 2021.10\\arm-none-eabi\\include\\
 328              		.file 5 "Drivers/CMSIS/Device/ST/STM32F1xx/Include/stm32f100xb.h"
 329              		.file 6 "Drivers/STM32F1xx_HAL_Driver/Inc/stm32f1xx_hal_rcc.h"
 330              		.file 7 "Drivers/STM32F1xx_HAL_Driver/Inc/stm32f1xx_hal_rcc_ex.h"
 331              		.file 8 "Drivers/STM32F1xx_HAL_Driver/Inc/stm32f1xx_hal_gpio.h"
 332              		.file 9 "Drivers/STM32F1xx_HAL_Driver/Inc/stm32f1xx_hal_def.h"
 333              		.file 10 "Drivers/STM32F1xx_HAL_Driver/Inc/stm32f1xx_hal.h"
 334              		.file 11 "<built-in>"
ARM GAS  C:\Users\TJTHE_~1\AppData\Local\Temp\ccnC2rWf.s 			page 14


DEFINED SYMBOLS
                            *ABS*:00000000 main.c
C:\Users\TJTHE_~1\AppData\Local\Temp\ccnC2rWf.s:18     .text.MX_GPIO_Init:00000000 $t
C:\Users\TJTHE_~1\AppData\Local\Temp\ccnC2rWf.s:23     .text.MX_GPIO_Init:00000000 MX_GPIO_Init
C:\Users\TJTHE_~1\AppData\Local\Temp\ccnC2rWf.s:128    .text.MX_GPIO_Init:00000070 $d
C:\Users\TJTHE_~1\AppData\Local\Temp\ccnC2rWf.s:134    .text.Error_Handler:00000000 $t
C:\Users\TJTHE_~1\AppData\Local\Temp\ccnC2rWf.s:140    .text.Error_Handler:00000000 Error_Handler
C:\Users\TJTHE_~1\AppData\Local\Temp\ccnC2rWf.s:172    .text.SystemClock_Config:00000000 $t
C:\Users\TJTHE_~1\AppData\Local\Temp\ccnC2rWf.s:178    .text.SystemClock_Config:00000000 SystemClock_Config
C:\Users\TJTHE_~1\AppData\Local\Temp\ccnC2rWf.s:271    .text.main:00000000 $t
C:\Users\TJTHE_~1\AppData\Local\Temp\ccnC2rWf.s:277    .text.main:00000000 main
C:\Users\TJTHE_~1\AppData\Local\Temp\ccnC2rWf.s:320    .text.main:0000002c $d

UNDEFINED SYMBOLS
HAL_GPIO_WritePin
HAL_GPIO_Init
memset
HAL_RCC_OscConfig
HAL_RCC_ClockConfig
HAL_Init
HAL_GPIO_TogglePin
HAL_Delay
